<?xml version="1.0" encoding="UTF-8"?>
<!-- Generated by org.testng.reporters.JUnitReportReporter -->
<testsuite skipped="4" hostname="DESKTOP-VLNOC54" name="HomePageTest" tests="12" failures="1" timestamp="2021-08-22T19:25:45 IST" time="0.051" errors="0">
  <testcase name="test113" time="0.000" classname="HomePageTest"/>
  <system-out/>
  <testcase name="test112" time="0.000" classname="HomePageTest">
    <skipped/>
  </testcase> <!-- test112 -->
  <system-out/>
  <testcase name="verifyTitle" time="0.016" classname="HomePageTest"/>
  <system-out/>
  <testcase name="test112" time="0.000" classname="HomePageTest">
    <failure type="java.lang.AssertionError" message="Addition Problem! 2+2 must be 4!
 expected [5] but found [4]">
      <![CDATA[java.lang.AssertionError: Addition Problem! 2+2 must be 4!
 expected [5] but found [4]
at org.testng.Assert.fail(Assert.java:99)
at org.testng.Assert.failNotEquals(Assert.java:1037)
at org.testng.Assert.assertEqualsImpl(Assert.java:140)
at org.testng.Assert.assertEquals(Assert.java:122)
at org.testng.Assert.assertEquals(Assert.java:907)
at HomePageTest.test112(HomePageTest.java:23)
at sun.reflect.NativeMethodAccessorImpl.invoke0(Native Method)
at sun.reflect.NativeMethodAccessorImpl.invoke(NativeMethodAccessorImpl.java:62)
at sun.reflect.DelegatingMethodAccessorImpl.invoke(DelegatingMethodAccessorImpl.java:43)
at java.lang.reflect.Method.invoke(Method.java:498)
at org.testng.internal.MethodInvocationHelper.invokeMethod(MethodInvocationHelper.java:133)
at org.testng.internal.TestInvoker.invokeMethod(TestInvoker.java:598)
at org.testng.internal.TestInvoker.retryFailed(TestInvoker.java:213)
at org.testng.internal.MethodRunner.runInSequence(MethodRunner.java:58)
at org.testng.internal.TestInvoker$MethodInvocationAgent.invoke(TestInvoker.java:824)
at org.testng.internal.TestInvoker.invokeTestMethods(TestInvoker.java:146)
at org.testng.internal.TestMethodWorker.invokeTestMethods(TestMethodWorker.java:146)
at org.testng.internal.TestMethodWorker.run(TestMethodWorker.java:128)
at java.util.ArrayList.forEach(ArrayList.java:1259)
at org.testng.TestRunner.privateRun(TestRunner.java:794)
at org.testng.TestRunner.run(TestRunner.java:596)
at org.testng.SuiteRunner.runTest(SuiteRunner.java:377)
at org.testng.SuiteRunner.runSequentially(SuiteRunner.java:371)
at org.testng.SuiteRunner.privateRun(SuiteRunner.java:332)
at org.testng.SuiteRunner.run(SuiteRunner.java:276)
at org.testng.SuiteRunnerWorker.runSuite(SuiteRunnerWorker.java:53)
at org.testng.SuiteRunnerWorker.run(SuiteRunnerWorker.java:96)
at org.testng.TestNG.runSuitesSequentially(TestNG.java:1212)
at org.testng.TestNG.runSuitesLocally(TestNG.java:1134)
at org.testng.TestNG.runSuites(TestNG.java:1063)
at org.testng.TestNG.run(TestNG.java:1031)
at com.intellij.rt.testng.IDEARemoteTestNG.run(IDEARemoteTestNG.java:66)
at com.intellij.rt.testng.RemoteTestNGStarter.main(RemoteTestNGStarter.java:109)
]]>
    </failure>
  </testcase> <!-- test112 -->
  <system-out/>
  <testcase name="test2110" time="0.000" classname="HomePageTest"/>
  <system-out/>
  <testcase name="test110" time="0.015" classname="HomePageTest"/>
  <system-out/>
  <testcase name="test112" time="0.016" classname="HomePageTest">
    <skipped/>
  </testcase> <!-- test112 -->
  <system-out/>
  <testcase name="test115" time="0.000" classname="HomePageTest"/>
  <system-out/>
  <testcase name="test112" time="0.000" classname="HomePageTest">
    <skipped/>
  </testcase> <!-- test112 -->
  <system-out/>
  <testcase name="test112" time="0.004" classname="HomePageTest">
    <skipped/>
  </testcase> <!-- test112 -->
  <system-out/>
  <testcase name="openBrowser" time="0.000" classname="HomePageTest"/>
  <system-out/>
  <testcase name="test111" time="0.000" classname="HomePageTest"/>
  <system-out/>
</testsuite> <!-- HomePageTest -->
